\BOOKMARK [0][-]{chapter*.1}{\376\377\004\022\004\041\004\042\004\043\004\037\000\040\004\024\004\036\000\040\004\027\004\022\004\006\004\042\004\043}{}% 1
\BOOKMARK [0][-]{chapter*.7}{\376\377\004\044\004\036\004\040\004\034\004\020\004\033\004\006\004\027\004\020\004\046\004\006\004\057\000\040\004\037\004\036\004\041\004\042\004\020\004\035\004\036\004\022\004\032\004\030\000\040\004\027\004\020\004\024\004\020\004\047\004\006}{}% 2
\BOOKMARK [0][-]{chapter*.33}{\376\377\004\037\004\065\004\100\004\065\004\073\004\126\004\072\000\040\004\103\004\074\004\076\004\062\004\075\004\070\004\105\000\040\004\077\004\076\004\067\004\075\004\060\004\107\004\065\004\075\004\114\000,\000\040\004\101\004\072\004\076\004\100\004\076\004\107\004\065\004\075\004\114\000\040\004\126\000\040\004\102\004\065\004\100\004\074\004\126\004\075\004\126\004\062}{}% 3
\BOOKMARK [0][-]{chapter.1}{\376\377\004\022\004\101\004\102\004\103\004\077}{}% 4
\BOOKMARK [0][-]{chapter.2}{\376\377\004\036\004\063\004\073\004\117\004\064\000\040\004\126\004\101\004\075\004\103\004\116\004\107\004\070\004\105\000\040\004\100\004\126\004\110\004\065\004\075\004\114\000\040\004\067\004\060\004\064\004\060\004\107\004\126\000\040\004\074\004\060\004\100\004\072\004\103\004\062\004\060\004\075\004\075\004\117\000\040\004\067\004\076\004\061\004\100\004\060\004\066\004\065\004\075\004\075\004\117}{}% 5
\BOOKMARK [0][-]{chapter.3}{\376\377\004\034\004\076\004\064\004\065\004\073\004\116\004\062\004\060\004\075\004\075\004\117}{}% 6
\BOOKMARK [1][-]{section.3.1}{\376\377\004\034\004\076\004\064\004\065\004\073\004\114\000\040\000V\000C\000N\000N}{chapter.3}% 7
\BOOKMARK [1][-]{section.3.2}{\376\377\004\034\004\076\004\064\004\065\004\073\004\114\000\040\000M\000L\000P}{chapter.3}% 8
\BOOKMARK [1][-]{section.3.3}{\376\377\004\034\004\076\004\064\004\065\004\073\004\114\000\040\000L\000P}{chapter.3}% 9
\BOOKMARK [1][-]{section.3.4}{\376\377\004\034\004\076\004\064\004\065\004\073\004\114\000\040\000L\000Q\000P}{chapter.3}% 10
\BOOKMARK [1][-]{section.3.5}{\376\377\004\037\004\100\004\076\004\106\004\065\004\101\000\040\004\102\004\100\004\065\004\075\004\103\004\062\004\060\004\075\004\075\004\117}{chapter.3}% 11
\BOOKMARK [1][-]{section.3.6}{\376\377\004\037\004\100\004\076\004\106\004\065\004\101\000\040\004\102\004\065\004\101\004\102\004\103\004\062\004\060\004\075\004\075\004\117}{chapter.3}% 12
\BOOKMARK [0][-]{chapter.4}{\376\377\004\025\004\072\004\101\004\077\004\065\004\100\004\070\004\074\004\065\004\075\004\102\004\070}{}% 13
\BOOKMARK [1][-]{section.4.1}{\376\377\004\024\004\060\004\102\004\060\004\101\004\065\004\102}{chapter.4}% 14
\BOOKMARK [1][-]{section.4.2}{\376\377\004\034\004\065\004\102\004\100\004\070\004\072\004\070}{chapter.4}% 15
\BOOKMARK [1][-]{section.4.3}{\376\377\004\042\004\100\004\065\004\075\004\103\004\062\004\060\004\075\004\075\004\117}{chapter.4}% 16
\BOOKMARK [0][-]{chapter.5}{\376\377\004\020\004\075\004\060\004\073\004\126\004\067\000\040\004\100\004\065\004\067\004\103\004\073\004\114\004\102\004\060\004\102\004\126\004\062}{}% 17
\BOOKMARK [1][-]{section.5.1}{\376\377\004\020\004\075\004\060\004\073\004\126\004\067\000\040\004\072\004\076\004\074\004\077\004\076\004\075\004\065\004\075\004\102\004\126\004\062\000\040\004\101\004\070\004\101\004\102\004\065\004\074\004\070}{chapter.5}% 18
\BOOKMARK [1][-]{section.5.2}{\376\377\004\037\004\076\004\100\004\126\004\062\004\075\004\075\004\117\004\075\004\117\000\040\004\067\000\040\004\126\004\101\004\075\004\103\004\116\004\107\004\070\004\074\004\070\000\040\004\100\004\126\004\110\004\065\004\075\004\075\004\117\004\074\004\070}{chapter.5}% 19
\BOOKMARK [1][-]{section.5.3}{\376\377\004\024\004\065\004\074\004\076\004\075\004\101\004\102\004\100\004\060\004\102\004\070\004\062\004\075\004\126\000\040\004\077\004\100\004\070\004\072\004\073\004\060\004\064\004\070}{chapter.5}% 20
\BOOKMARK [0][-]{chapter*.59}{\376\377\004\022\004\070\004\101\004\075\004\076\004\062\004\072\004\070}{}% 21
\BOOKMARK [0][-]{chapter*.59}{\376\377\004\024\004\076\004\064\004\060\004\102\004\076\004\072\000\040\004\020\000\040\004\032\004\076\004\064\000\040\004\073\004\126\004\101\004\102\004\070\004\075\004\063}{}% 22
\BOOKMARK [0][-]{paragraph*.64}{\376\377\004\024\004\076\004\064\004\060\004\102\004\076\004\072\000\040\004\021\000\040\004\024\004\076\004\064\004\060\004\102\004\072\004\076\004\062\004\126\000\040\004\077\004\100\004\070\004\072\004\073\004\060\004\064\004\070}{}% 23
\BOOKMARK [0][-]{figure.caption.78}{\376\377\004\024\004\076\004\064\004\060\004\102\004\076\004\072\000\040\004\022\000\040\004\006\004\073\004\116\004\101\004\102\004\100\004\060\004\102\004\070\004\062\004\075\004\070\004\071\000\040\004\074\004\060\004\102\004\065\004\100\004\126\004\060\004\073}{}% 24
\BOOKMARK [0][-]{chapter*.108}{\376\377\004\022\004\070\004\101\004\075\004\076\004\062\004\072\004\070\000\040\004\064\004\076\000\040\004\067\004\062\004\126\004\102\004\103}{}% 25
