\BOOKMARK [0][-]{chapter*.19}{\376\377\004\037\004\065\004\100\004\065\004\073\004\126\004\072\000\040\004\103\004\074\004\076\004\062\004\075\004\070\004\105\000\040\004\077\004\076\004\067\004\075\004\060\004\107\004\065\004\075\004\114\000,\000\040\004\101\004\072\004\076\004\100\004\076\004\107\004\065\004\075\004\114\000\040\004\126\000\040\004\102\004\065\004\100\004\074\004\126\004\075\004\126\004\062}{}% 1
\BOOKMARK [0][-]{chapter*.20}{\376\377\004\022\004\101\004\102\004\103\004\077}{}% 2
\BOOKMARK [0][-]{chapter.1}{\376\377\004\037\004\076\004\101\004\102\004\060\004\075\004\076\004\062\004\072\004\060\000\040\004\067\004\060\004\064\004\060\004\107\004\126}{}% 3
\BOOKMARK [0][-]{chapter.2}{\376\377\004\036\004\063\004\073\004\117\004\064\000\040\004\126\004\101\004\075\004\103\004\116\004\107\004\070\004\105\000\040\004\100\004\126\004\110\004\065\004\075\004\114\000\040\004\067\004\060\004\064\004\060\004\107\004\126\000\040\004\074\004\060\004\100\004\072\004\103\004\062\004\060\004\075\004\075\004\117\000\040\004\067\004\076\004\061\004\100\004\060\004\066\004\065\004\075\004\075\004\117}{}% 4
\BOOKMARK [1][-]{section.2.1}{\376\377\004\021\004\060\004\067\004\076\004\062\004\065\000\040\004\100\004\126\004\110\004\065\004\075\004\075\004\117}{chapter.2}% 5
\BOOKMARK [1][-]{section.2.2}{\376\377\004\024\004\076\004\064\004\060\004\102\004\072\004\076\004\062\004\060\000\040\004\074\004\076\004\064\004\060\004\073\004\114\004\075\004\126\004\101\004\102\004\114\000\040\004\064\004\060\004\075\004\070\004\105}{chapter.2}% 6
\BOOKMARK [1][-]{section.2.3}{\376\377\004\032\004\126\004\073\004\114\004\072\004\126\004\101\004\102\004\114\000\040\004\073\004\065\004\071\004\061\004\073\004\126\004\062}{chapter.2}% 7
\BOOKMARK [1][-]{section.2.4}{\376\377\004\022\004\070\004\101\004\075\004\076\004\062\004\072\004\070\000\040\004\064\004\076\000\040\004\100\004\076\004\067\004\064\004\126\004\073\004\103}{chapter.2}% 8
\BOOKMARK [0][-]{chapter.3}{\376\377\004\034\004\076\004\064\004\065\004\073\004\116\004\062\004\060\004\075\004\075\004\117}{}% 9
\BOOKMARK [1][-]{section.3.1}{\376\377\004\034\004\076\004\064\004\065\004\073\004\114\000\040\000V\000C\000N\000N}{chapter.3}% 10
\BOOKMARK [1][-]{section.3.2}{\376\377\004\034\004\076\004\064\004\065\004\073\004\114\000\040\000M\000L\000P}{chapter.3}% 11
\BOOKMARK [1][-]{section.3.3}{\376\377\004\034\004\076\004\064\004\065\004\073\004\114\000\040\000L\000P}{chapter.3}% 12
\BOOKMARK [1][-]{section.3.4}{\376\377\004\034\004\076\004\064\004\065\004\073\004\114\000\040\000L\000Q\000P}{chapter.3}% 13
\BOOKMARK [1][-]{section.3.5}{\376\377\004\037\004\100\004\076\004\106\004\065\004\101\000\040\004\102\004\100\004\065\004\075\004\103\004\062\004\060\004\075\004\075\004\117}{chapter.3}% 14
\BOOKMARK [2][-]{subsection.3.5.1}{\376\377\004\046\004\126\004\073\004\114\004\076\004\062\004\126\000\040\004\104\004\103\004\075\004\072\004\106\004\126\004\127}{section.3.5}% 15
\BOOKMARK [2][-]{subsection.3.5.2}{\376\377\004\042\004\100\004\065\004\075\004\103\004\062\004\060\004\075\004\075\004\117\000\040\000V\000C\000N\000N}{section.3.5}% 16
\BOOKMARK [2][-]{subsection.3.5.3}{\376\377\004\042\004\100\004\065\004\075\004\103\004\062\004\060\004\075\004\075\004\117\000\040\000M\000L\000P}{section.3.5}% 17
\BOOKMARK [2][-]{subsection.3.5.4}{\376\377\004\042\004\100\004\065\004\075\004\103\004\062\004\060\004\075\004\075\004\117\000\040\000L\000P}{section.3.5}% 18
\BOOKMARK [2][-]{subsection.3.5.5}{\376\377\004\042\004\100\004\065\004\075\004\103\004\062\004\060\004\075\004\075\004\117\000\040\000L\000Q\000P}{section.3.5}% 19
\BOOKMARK [1][-]{section.3.6}{\376\377\004\037\004\100\004\076\004\106\004\065\004\101\000\040\004\102\004\065\004\101\004\102\004\103\004\062\004\060\004\075\004\075\004\117}{chapter.3}% 20
\BOOKMARK [2][-]{subsection.3.6.1}{\376\377\004\042\004\065\004\101\004\102\004\103\004\062\004\060\004\075\004\075\004\117\000\040\004\072\004\073\004\060\004\101\004\070\004\104\004\126\004\072\004\060\004\106\004\126\004\071\004\075\004\070\004\105\000\040\004\074\004\076\004\064\004\065\004\073\004\065\004\071\000\040\000\050\000V\000C\000N\000N\000,\000\040\000M\000L\000P\000,\000\040\000L\000P\000\051}{section.3.6}% 21
\BOOKMARK [2][-]{subsection.3.6.2}{\376\377\004\042\004\065\004\101\004\102\004\103\004\062\004\060\004\075\004\075\004\117\000\040\004\072\004\076\004\074\004\077\004\076\004\067\004\070\004\102\004\075\004\076\004\127\000\040\004\074\004\076\004\064\004\065\004\073\004\126}{section.3.6}% 22
\BOOKMARK [1][-]{section.3.7}{\376\377\004\022\004\070\004\101\004\075\004\076\004\062\004\072\004\070\000\040\004\064\004\076\000\040\004\100\004\076\004\067\004\064\004\126\004\073\004\103}{chapter.3}% 23
\BOOKMARK [0][-]{chapter.4}{\376\377\004\025\004\072\004\101\004\077\004\065\004\100\004\070\004\074\004\065\004\075\004\102\004\070}{}% 24
\BOOKMARK [1][-]{section.4.1}{\376\377\004\024\004\060\004\102\004\060\004\101\004\065\004\102}{chapter.4}% 25
\BOOKMARK [2][-]{subsection.4.1.1}{\376\377\004\034\004\075\004\076\004\066\004\070\004\075\004\060\000\040\004\106\004\126\004\073\004\114\004\076\004\062\004\070\004\105\000\040\004\072\004\073\004\060\004\101\004\126\004\062}{section.4.1}% 26
\BOOKMARK [2][-]{subsection.4.1.2}{\376\377\004\047\004\070\004\101\004\073\004\076\004\062\004\126\000\040\004\105\004\060\004\100\004\060\004\072\004\102\004\065\004\100\004\070\004\101\004\102\004\070\004\072\004\070\000\040\004\064\004\060\004\102\004\060\004\101\004\065\004\102\004\103}{section.4.1}% 27
\BOOKMARK [1][-]{section.4.2}{\376\377\004\042\004\065\004\101\004\102\004\076\004\062\004\126\000\040\004\074\004\065\004\102\004\100\004\070\004\072\004\070}{chapter.4}% 28
\BOOKMARK [1][-]{section.4.3}{\376\377\004\042\004\100\004\065\004\075\004\103\004\062\004\060\004\075\004\075\004\117}{chapter.4}% 29
\BOOKMARK [2][-]{subsection.4.3.1}{\376\377\004\037\004\060\004\100\004\060\004\074\004\065\004\102\004\100\004\070\000\040\004\075\004\060\004\062\004\107\004\060\004\075\004\075\004\117}{section.4.3}% 30
\BOOKMARK [2][-]{subsection.4.3.2}{\376\377\004\037\004\100\004\076\004\106\004\065\004\101\000\040\004\075\004\060\004\062\004\107\004\060\004\075\004\075\004\117}{section.4.3}% 31
\BOOKMARK [1][-]{section.4.4}{\376\377\004\022\004\070\004\101\004\075\004\076\004\062\004\072\004\070\000\040\004\064\004\076\000\040\004\100\004\076\004\067\004\064\004\126\004\073\004\103}{chapter.4}% 32
\BOOKMARK [0][-]{chapter.5}{\376\377\004\020\004\075\004\060\004\073\004\126\004\067\000\040\004\100\004\065\004\067\004\103\004\073\004\114\004\102\004\060\004\102\004\126\004\062}{}% 33
\BOOKMARK [1][-]{section.5.1}{\376\377\004\020\004\075\004\060\004\073\004\126\004\067\000\040\004\072\004\076\004\074\004\077\004\076\004\075\004\065\004\075\004\102\004\126\004\062\000\040\004\074\004\076\004\064\004\065\004\073\004\126}{chapter.5}% 34
\BOOKMARK [1][-]{section.5.2}{\376\377\004\020\004\075\004\060\004\073\004\126\004\067\000\040\004\062\004\077\004\073\004\070\004\062\004\103\000\040\004\064\004\076\004\064\004\060\004\102\004\072\004\076\004\062\004\076\004\127\000\040\004\126\004\075\004\104\004\076\004\100\004\074\004\060\004\106\004\126\004\127}{chapter.5}% 35
\BOOKMARK [1][-]{section.5.3}{\376\377\004\037\004\076\004\100\004\126\004\062\004\075\004\075\004\117\004\075\004\117\000\040\004\067\000\040\004\126\004\101\004\075\004\103\004\116\004\107\004\070\004\074\004\070\000\040\004\100\004\126\004\110\004\065\004\075\004\075\004\117\004\074\004\070}{chapter.5}% 36
\BOOKMARK [1][-]{section.5.4}{\376\377\004\024\004\065\004\074\004\076\004\075\004\101\004\102\004\100\004\060\004\102\004\070\004\062\004\075\004\126\000\040\004\077\004\100\004\070\004\072\004\073\004\060\004\064\004\070}{chapter.5}% 37
\BOOKMARK [1][-]{section.5.5}{\376\377\004\022\004\070\004\101\004\075\004\076\004\062\004\072\004\070\000\040\004\064\004\076\000\040\004\100\004\076\004\067\004\064\004\126\004\073\004\103}{chapter.5}% 38
\BOOKMARK [0][-]{chapter*.42}{\376\377\004\022\004\070\004\101\004\075\004\076\004\062\004\072\004\070}{}% 39
\BOOKMARK [0][-]{chapter*.43}{\376\377\004\037\004\065\004\100\004\065\004\073\004\126\004\072\000\040\004\077\004\076\004\101\004\070\004\073\004\060\004\075\004\114}{}% 40
\BOOKMARK [0][-]{chapter*.43}{\376\377\004\024\004\076\004\064\004\060\004\102\004\076\004\072\000\040\004\020\000\040\004\033\004\126\004\101\004\102\004\070\004\075\004\063\000\040\004\077\004\100\004\076\004\063\004\100\004\060\004\074}{}% 41
\BOOKMARK [0][-]{listing.15}{\376\377\004\024\004\076\004\064\004\060\004\102\004\076\004\072\000\040\004\021\000\040\004\024\004\076\004\064\004\060\004\102\004\072\004\076\004\062\004\126\000\040\004\077\004\100\004\070\004\072\004\073\004\060\004\064\004\070}{}% 42
\BOOKMARK [0][-]{figure.caption.58}{\376\377\004\024\004\076\004\064\004\060\004\102\004\076\004\072\000\040\004\022\000\040\004\006\004\073\004\116\004\101\004\102\004\100\004\060\004\102\004\070\004\062\004\075\004\070\004\071\000\040\004\074\004\060\004\102\004\065\004\100\004\126\004\060\004\073}{}% 43
